<?xml version="1.0" encoding="UTF-8"?>
<testng-results ignored="0" total="1" passed="1" failed="0" skipped="0">
  <reporter-output>
  </reporter-output>
  <suite started-at="2023-06-18T11:23:49 IST" name="Default suite" finished-at="2023-06-18T11:23:53 IST" duration-ms="3436">
    <groups>
    </groups>
    <test started-at="2023-06-18T11:23:49 IST" name="Default test" finished-at="2023-06-18T11:23:53 IST" duration-ms="3436">
      <class name="newproject.Validation">
        <test-method signature="jsonschema()[pri:0, instance:newproject.Validation@61230f6a]" started-at="2023-06-18T11:23:49 IST" name="jsonschema" finished-at="2023-06-18T11:23:53 IST" duration-ms="3384" status="PASS">
          <reporter-output>
          </reporter-output>
        </test-method> <!-- jsonschema -->
      </class> <!-- newproject.Validation -->
    </test> <!-- Default test -->
  </suite> <!-- Default suite -->
</testng-results>
